app/build/intermediates/manifest_merge_blame_file/release/processReleaseMainManifest/manifest-merger-blame-release-report.txt
1<?xml version="1.0" encoding="utf-8"?>
2<!-- Engineered by uncoalesced -->
3<manifest xmlns:android="http://schemas.android.com/apk/res/android"
4    package="com.uncoalesced.stickykeys"
5    android:versionCode="1"
6    android:versionName="v0.1.0-ALPHA" >
7
8    <uses-sdk
8-->INJECTED
9        android:minSdkVersion="26"
9-->INJECTED
10        android:targetSdkVersion="36" />
10-->INJECTED
11
12    <permission
12-->[androidx.core:core:1.16.0] AndroidManifest.xml:22:5-24:47
13        android:name="com.uncoalesced.stickykeys.DYNAMIC_RECEIVER_NOT_EXPORTED_PERMISSION"
13-->[androidx.core:core:1.16.0] AndroidManifest.xml:23:9-81
14        android:protectionLevel="signature" />
14-->[androidx.core:core:1.16.0] AndroidManifest.xml:24:9-44
15
16    <uses-permission android:name="com.uncoalesced.stickykeys.DYNAMIC_RECEIVER_NOT_EXPORTED_PERMISSION" />
16-->[androidx.core:core:1.16.0] AndroidManifest.xml:26:5-97
16-->[androidx.core:core:1.16.0] AndroidManifest.xml:26:22-94
17
18    <application
18-->src\main\AndroidManifest.xml:4:5-17:19
19        android:name="com.uncoalesced.stickykeys.StickyKeysApplication"
19-->src\main\AndroidManifest.xml:5:9-46
20        android:allowBackup="true"
20-->src\main\AndroidManifest.xml:6:9-35
21        android:appComponentFactory="androidx.core.app.CoreComponentFactory"
21-->[androidx.core:core:1.16.0] AndroidManifest.xml:28:18-86
22        android:extractNativeLibs="false"
22-->INJECTED
23        android:supportsRtl="true"
23-->src\main\AndroidManifest.xml:7:9-35
24        android:theme="@style/Theme.StickyKeys" >
24-->src\main\AndroidManifest.xml:8:9-48
25        <activity
25-->src\main\AndroidManifest.xml:9:9-16:20
26            android:name="com.uncoalesced.stickykeys.MainActivity"
26-->src\main\AndroidManifest.xml:10:13-41
27            android:exported="true" >
27-->src\main\AndroidManifest.xml:11:13-36
28            <intent-filter>
28-->src\main\AndroidManifest.xml:12:13-15:29
29                <action android:name="android.intent.action.MAIN" />
29-->src\main\AndroidManifest.xml:13:17-69
29-->src\main\AndroidManifest.xml:13:25-66
30
31                <category android:name="android.intent.category.LAUNCHER" />
31-->src\main\AndroidManifest.xml:14:17-77
31-->src\main\AndroidManifest.xml:14:27-74
32            </intent-filter>
33        </activity>
34
35        <provider
35-->[androidx.emoji2:emoji2:1.4.0] AndroidManifest.xml:24:9-32:20
36            android:name="androidx.startup.InitializationProvider"
36-->[androidx.emoji2:emoji2:1.4.0] AndroidManifest.xml:25:13-67
37            android:authorities="com.uncoalesced.stickykeys.androidx-startup"
37-->[androidx.emoji2:emoji2:1.4.0] AndroidManifest.xml:26:13-68
38            android:exported="false" >
38-->[androidx.emoji2:emoji2:1.4.0] AndroidManifest.xml:27:13-37
39            <meta-data
39-->[androidx.emoji2:emoji2:1.4.0] AndroidManifest.xml:29:13-31:52
40                android:name="androidx.emoji2.text.EmojiCompatInitializer"
40-->[androidx.emoji2:emoji2:1.4.0] AndroidManifest.xml:30:17-75
41                android:value="androidx.startup" />
41-->[androidx.emoji2:emoji2:1.4.0] AndroidManifest.xml:31:17-49
42            <meta-data
42-->[androidx.lifecycle:lifecycle-process:2.9.4] AndroidManifest.xml:29:13-31:52
43                android:name="androidx.lifecycle.ProcessLifecycleInitializer"
43-->[androidx.lifecycle:lifecycle-process:2.9.4] AndroidManifest.xml:30:17-78
44                android:value="androidx.startup" />
44-->[androidx.lifecycle:lifecycle-process:2.9.4] AndroidManifest.xml:31:17-49
45            <meta-data
45-->[androidx.profileinstaller:profileinstaller:1.4.0] AndroidManifest.xml:29:13-31:52
46                android:name="androidx.profileinstaller.ProfileInstallerInitializer"
46-->[androidx.profileinstaller:profileinstaller:1.4.0] AndroidManifest.xml:30:17-85
47                android:value="androidx.startup" />
47-->[androidx.profileinstaller:profileinstaller:1.4.0] AndroidManifest.xml:31:17-49
48        </provider>
49
50        <uses-library
50-->[androidx.window:window:1.5.0] AndroidManifest.xml:23:9-25:40
51            android:name="androidx.window.extensions"
51-->[androidx.window:window:1.5.0] AndroidManifest.xml:24:13-54
52            android:required="false" />
52-->[androidx.window:window:1.5.0] AndroidManifest.xml:25:13-37
53        <uses-library
53-->[androidx.window:window:1.5.0] AndroidManifest.xml:26:9-28:40
54            android:name="androidx.window.sidecar"
54-->[androidx.window:window:1.5.0] AndroidManifest.xml:27:13-51
55            android:required="false" />
55-->[androidx.window:window:1.5.0] AndroidManifest.xml:28:13-37
56
57        <service
57-->[androidx.room:room-runtime:2.6.1] AndroidManifest.xml:24:9-28:63
58            android:name="androidx.room.MultiInstanceInvalidationService"
58-->[androidx.room:room-runtime:2.6.1] AndroidManifest.xml:25:13-74
59            android:directBootAware="true"
59-->[androidx.room:room-runtime:2.6.1] AndroidManifest.xml:26:13-43
60            android:exported="false" />
60-->[androidx.room:room-runtime:2.6.1] AndroidManifest.xml:27:13-37
61
62        <receiver
62-->[androidx.profileinstaller:profileinstaller:1.4.0] AndroidManifest.xml:34:9-52:20
63            android:name="androidx.profileinstaller.ProfileInstallReceiver"
63-->[androidx.profileinstaller:profileinstaller:1.4.0] AndroidManifest.xml:35:13-76
64            android:directBootAware="false"
64-->[androidx.profileinstaller:profileinstaller:1.4.0] AndroidManifest.xml:36:13-44
65            android:enabled="true"
65-->[androidx.profileinstaller:profileinstaller:1.4.0] AndroidManifest.xml:37:13-35
66            android:exported="true"
66-->[androidx.profileinstaller:profileinstaller:1.4.0] AndroidManifest.xml:38:13-36
67            android:permission="android.permission.DUMP" >
67-->[androidx.profileinstaller:profileinstaller:1.4.0] AndroidManifest.xml:39:13-57
68            <intent-filter>
68-->[androidx.profileinstaller:profileinstaller:1.4.0] AndroidManifest.xml:40:13-42:29
69                <action android:name="androidx.profileinstaller.action.INSTALL_PROFILE" />
69-->[androidx.profileinstaller:profileinstaller:1.4.0] AndroidManifest.xml:41:17-91
69-->[androidx.profileinstaller:profileinstaller:1.4.0] AndroidManifest.xml:41:25-88
70            </intent-filter>
71            <intent-filter>
71-->[androidx.profileinstaller:profileinstaller:1.4.0] AndroidManifest.xml:43:13-45:29
72                <action android:name="androidx.profileinstaller.action.SKIP_FILE" />
72-->[androidx.profileinstaller:profileinstaller:1.4.0] AndroidManifest.xml:44:17-85
72-->[androidx.profileinstaller:profileinstaller:1.4.0] AndroidManifest.xml:44:25-82
73            </intent-filter>
74            <intent-filter>
74-->[androidx.profileinstaller:profileinstaller:1.4.0] AndroidManifest.xml:46:13-48:29
75                <action android:name="androidx.profileinstaller.action.SAVE_PROFILE" />
75-->[androidx.profileinstaller:profileinstaller:1.4.0] AndroidManifest.xml:47:17-88
75-->[androidx.profileinstaller:profileinstaller:1.4.0] AndroidManifest.xml:47:25-85
76            </intent-filter>
77            <intent-filter>
77-->[androidx.profileinstaller:profileinstaller:1.4.0] AndroidManifest.xml:49:13-51:29
78                <action android:name="androidx.profileinstaller.action.BENCHMARK_OPERATION" />
78-->[androidx.profileinstaller:profileinstaller:1.4.0] AndroidManifest.xml:50:17-95
78-->[androidx.profileinstaller:profileinstaller:1.4.0] AndroidManifest.xml:50:25-92
79            </intent-filter>
80        </receiver>
81    </application>
82
83</manifest>